2021-04-04 09:55:07.498  INFO 11224 --- [main] net.huadong.tech.HdConsumerApplication   : Starting HdConsumerApplication on LAPTOP-TSBJ5R0S with PID 11224 (D:\project\HD_TJG_AUTOTOS_1.0\Branch\tos\target\classes started by 542226313 in D:\project\HD_TJG_AUTOTOS_1.0\Branch\tos)
2021-04-04 09:55:07.503  INFO 11224 --- [main] net.huadong.tech.HdConsumerApplication   : No active profile set, falling back to default profiles: default
2021-04-04 09:55:07.874  INFO 11224 --- [main] ationConfigEmbeddedWebApplicationContext : Refreshing org.springframework.boot.context.embedded.AnnotationConfigEmbeddedWebApplicationContext@336f1079: startup date [Sun Apr 04 09:55:07 CST 2021]; root of context hierarchy
2021-04-04 09:55:08.522  WARN 11224 --- [main] ationConfigEmbeddedWebApplicationContext : Exception encountered during context initialization - cancelling refresh attempt: org.springframework.beans.factory.BeanDefinitionStoreException: Failed to parse configuration class [net.huadong.tech.HdConsumerApplication]; nested exception is java.io.FileNotFoundException: class path resource [net/huadong/tech/privilege/service/AuthPrivilegeService.class] cannot be opened because it does not exist
2021-04-04 09:55:08.526 ERROR 11224 --- [main] o.s.b.f.s.DefaultListableBeanFactory     : Destroy method on bean with name 'org.springframework.boot.autoconfigure.internalCachingMetadataReaderFactory' threw an exception

java.lang.IllegalStateException: ApplicationEventMulticaster not initialized - call 'refresh' before multicasting events via the context: org.springframework.boot.context.embedded.AnnotationConfigEmbeddedWebApplicationContext@336f1079: startup date [Sun Apr 04 09:55:07 CST 2021]; root of context hierarchy
	at org.springframework.context.support.AbstractApplicationContext.getApplicationEventMulticaster(AbstractApplicationContext.java:404) [spring-context-4.3.5.RELEASE.jar:4.3.5.RELEASE]
	at org.springframework.context.support.ApplicationListenerDetector.postProcessBeforeDestruction(ApplicationListenerDetector.java:97) ~[spring-context-4.3.5.RELEASE.jar:4.3.5.RELEASE]
	at org.springframework.beans.factory.support.DisposableBeanAdapter.destroy(DisposableBeanAdapter.java:253) ~[spring-beans-4.3.5.RELEASE.jar:4.3.5.RELEASE]
	at org.springframework.beans.factory.support.DefaultSingletonBeanRegistry.destroyBean(DefaultSingletonBeanRegistry.java:578) [spring-beans-4.3.5.RELEASE.jar:4.3.5.RELEASE]
	at org.springframework.beans.factory.support.DefaultSingletonBeanRegistry.destroySingleton(DefaultSingletonBeanRegistry.java:554) [spring-beans-4.3.5.RELEASE.jar:4.3.5.RELEASE]
	at org.springframework.beans.factory.support.DefaultListableBeanFactory.destroySingleton(DefaultListableBeanFactory.java:959) [spring-beans-4.3.5.RELEASE.jar:4.3.5.RELEASE]
	at org.springframework.beans.factory.support.DefaultSingletonBeanRegistry.destroySingletons(DefaultSingletonBeanRegistry.java:523) [spring-beans-4.3.5.RELEASE.jar:4.3.5.RELEASE]
	at org.springframework.beans.factory.support.DefaultListableBeanFactory.destroySingletons(DefaultListableBeanFactory.java:966) [spring-beans-4.3.5.RELEASE.jar:4.3.5.RELEASE]
	at org.springframework.context.support.AbstractApplicationContext.destroyBeans(AbstractApplicationContext.java:1033) [spring-context-4.3.5.RELEASE.jar:4.3.5.RELEASE]
	at org.springframework.context.support.AbstractApplicationContext.refresh(AbstractApplicationContext.java:555) [spring-context-4.3.5.RELEASE.jar:4.3.5.RELEASE]
	at org.springframework.boot.context.embedded.EmbeddedWebApplicationContext.refresh(EmbeddedWebApplicationContext.java:122) [spring-boot-1.4.3.RELEASE.jar:1.4.3.RELEASE]
	at org.springframework.boot.SpringApplication.refresh(SpringApplication.java:761) [spring-boot-1.4.3.RELEASE.jar:1.4.3.RELEASE]
	at org.springframework.boot.SpringApplication.refreshContext(SpringApplication.java:371) [spring-boot-1.4.3.RELEASE.jar:1.4.3.RELEASE]
	at org.springframework.boot.SpringApplication.run(SpringApplication.java:315) [spring-boot-1.4.3.RELEASE.jar:1.4.3.RELEASE]
	at org.springframework.boot.SpringApplication.run(SpringApplication.java:1186) [spring-boot-1.4.3.RELEASE.jar:1.4.3.RELEASE]
	at org.springframework.boot.SpringApplication.run(SpringApplication.java:1175) [spring-boot-1.4.3.RELEASE.jar:1.4.3.RELEASE]
	at net.huadong.tech.HdConsumerApplication.main(HdConsumerApplication.java:22) [classes/:na]

2021-04-04 09:55:08.532 ERROR 11224 --- [main] o.s.boot.SpringApplication               : Application startup failed

org.springframework.beans.factory.BeanDefinitionStoreException: Failed to parse configuration class [net.huadong.tech.HdConsumerApplication]; nested exception is java.io.FileNotFoundException: class path resource [net/huadong/tech/privilege/service/AuthPrivilegeService.class] cannot be opened because it does not exist
	at org.springframework.context.annotation.ConfigurationClassParser.parse(ConfigurationClassParser.java:180) ~[spring-context-4.3.5.RELEASE.jar:4.3.5.RELEASE]
	at org.springframework.context.annotation.ConfigurationClassPostProcessor.processConfigBeanDefinitions(ConfigurationClassPostProcessor.java:308) ~[spring-context-4.3.5.RELEASE.jar:4.3.5.RELEASE]
	at org.springframework.context.annotation.ConfigurationClassPostProcessor.postProcessBeanDefinitionRegistry(ConfigurationClassPostProcessor.java:228) ~[spring-context-4.3.5.RELEASE.jar:4.3.5.RELEASE]
	at org.springframework.context.support.PostProcessorRegistrationDelegate.invokeBeanDefinitionRegistryPostProcessors(PostProcessorRegistrationDelegate.java:270) ~[spring-context-4.3.5.RELEASE.jar:4.3.5.RELEASE]
	at org.springframework.context.support.PostProcessorRegistrationDelegate.invokeBeanFactoryPostProcessors(PostProcessorRegistrationDelegate.java:93) ~[spring-context-4.3.5.RELEASE.jar:4.3.5.RELEASE]
	at org.springframework.context.support.AbstractApplicationContext.invokeBeanFactoryPostProcessors(AbstractApplicationContext.java:686) ~[spring-context-4.3.5.RELEASE.jar:4.3.5.RELEASE]
	at org.springframework.context.support.AbstractApplicationContext.refresh(AbstractApplicationContext.java:524) ~[spring-context-4.3.5.RELEASE.jar:4.3.5.RELEASE]
	at org.springframework.boot.context.embedded.EmbeddedWebApplicationContext.refresh(EmbeddedWebApplicationContext.java:122) ~[spring-boot-1.4.3.RELEASE.jar:1.4.3.RELEASE]
	at org.springframework.boot.SpringApplication.refresh(SpringApplication.java:761) [spring-boot-1.4.3.RELEASE.jar:1.4.3.RELEASE]
	at org.springframework.boot.SpringApplication.refreshContext(SpringApplication.java:371) [spring-boot-1.4.3.RELEASE.jar:1.4.3.RELEASE]
	at org.springframework.boot.SpringApplication.run(SpringApplication.java:315) [spring-boot-1.4.3.RELEASE.jar:1.4.3.RELEASE]
	at org.springframework.boot.SpringApplication.run(SpringApplication.java:1186) [spring-boot-1.4.3.RELEASE.jar:1.4.3.RELEASE]
	at org.springframework.boot.SpringApplication.run(SpringApplication.java:1175) [spring-boot-1.4.3.RELEASE.jar:1.4.3.RELEASE]
	at net.huadong.tech.HdConsumerApplication.main(HdConsumerApplication.java:22) [classes/:na]
Caused by: java.io.FileNotFoundException: class path resource [net/huadong/tech/privilege/service/AuthPrivilegeService.class] cannot be opened because it does not exist
	at org.springframework.core.io.ClassPathResource.getInputStream(ClassPathResource.java:172) ~[spring-core-4.3.5.RELEASE.jar:4.3.5.RELEASE]
	at org.springframework.core.type.classreading.SimpleMetadataReader.<init>(SimpleMetadataReader.java:50) ~[spring-core-4.3.5.RELEASE.jar:4.3.5.RELEASE]
	at org.springframework.core.type.classreading.SimpleMetadataReaderFactory.getMetadataReader(SimpleMetadataReaderFactory.java:98) ~[spring-core-4.3.5.RELEASE.jar:4.3.5.RELEASE]
	at org.springframework.boot.type.classreading.ConcurrentReferenceCachingMetadataReaderFactory.createMetadataReader(ConcurrentReferenceCachingMetadataReaderFactory.java:89) ~[spring-boot-1.4.3.RELEASE.jar:1.4.3.RELEASE]
	at org.springframework.boot.type.classreading.ConcurrentReferenceCachingMetadataReaderFactory.getMetadataReader(ConcurrentReferenceCachingMetadataReaderFactory.java:76) ~[spring-boot-1.4.3.RELEASE.jar:1.4.3.RELEASE]
	at org.springframework.core.type.classreading.SimpleMetadataReaderFactory.getMetadataReader(SimpleMetadataReaderFactory.java:93) ~[spring-core-4.3.5.RELEASE.jar:4.3.5.RELEASE]
	at org.springframework.context.annotation.ConfigurationClassParser.asSourceClass(ConfigurationClassParser.java:633) ~[spring-context-4.3.5.RELEASE.jar:4.3.5.RELEASE]
	at org.springframework.context.annotation.ConfigurationClassParser$SourceClass.getInterfaces(ConfigurationClassParser.java:810) ~[spring-context-4.3.5.RELEASE.jar:4.3.5.RELEASE]
	at org.springframework.context.annotation.ConfigurationClassParser.processInterfaces(ConfigurationClassParser.java:343) ~[spring-context-4.3.5.RELEASE.jar:4.3.5.RELEASE]
	at org.springframework.context.annotation.ConfigurationClassParser.doProcessConfigurationClass(ConfigurationClassParser.java:300) ~[spring-context-4.3.5.RELEASE.jar:4.3.5.RELEASE]
	at org.springframework.context.annotation.ConfigurationClassParser.processConfigurationClass(ConfigurationClassParser.java:230) ~[spring-context-4.3.5.RELEASE.jar:4.3.5.RELEASE]
	at org.springframework.context.annotation.ConfigurationClassParser.parse(ConfigurationClassParser.java:189) ~[spring-context-4.3.5.RELEASE.jar:4.3.5.RELEASE]
	at org.springframework.context.annotation.ConfigurationClassParser.doProcessConfigurationClass(ConfigurationClassParser.java:272) ~[spring-context-4.3.5.RELEASE.jar:4.3.5.RELEASE]
	at org.springframework.context.annotation.ConfigurationClassParser.processConfigurationClass(ConfigurationClassParser.java:230) ~[spring-context-4.3.5.RELEASE.jar:4.3.5.RELEASE]
	at org.springframework.context.annotation.ConfigurationClassParser.parse(ConfigurationClassParser.java:197) ~[spring-context-4.3.5.RELEASE.jar:4.3.5.RELEASE]
	at org.springframework.context.annotation.ConfigurationClassParser.parse(ConfigurationClassParser.java:166) ~[spring-context-4.3.5.RELEASE.jar:4.3.5.RELEASE]
	... 13 common frames omitted

